<?xml version="1.0" encoding="UTF-8"?>
<!-- Generated by org.testng.reporters.JUnitReportReporter -->
<testsuite hostname="DESKTOP-RKPLFSR" failures="0" tests="2" name="Module_testclass.TestClass1" time="50.438" errors="0" timestamp="2023-02-20T19:26:55 IST" skipped="0">
  <testcase classname="Module_testclass.TestClass1" name="VerifyEmailAddress" time="28.403"/>
  <system-out/>
  <testcase classname="Module_testclass.TestClass1" name="VerifyTitle" time="22.035"/>
  <system-out/>
</testsuite> <!-- Module_testclass.TestClass1 -->
